\BOOKMARK [0][-]{chapter.1}{\376\377\000I\000n\000t\000r\000o\000d\000u\000c\000t\000i\000o\000n}{}% 1
\BOOKMARK [1][-]{section.1.1}{\376\377\000A\000p\000e\000r\000\347\000u\000\040\000d\000u\000\040\000c\000o\000u\000r\000s}{chapter.1}% 2
\BOOKMARK [1][-]{section.1.2}{\376\377\000U\000n\000e\000\040\000b\000r\000\350\000v\000e\000\040\000h\000i\000s\000t\000o\000i\000r\000e\000\040\000d\000e\000\040\000l\000'\000\351\000l\000e\000c\000t\000r\000o\000n\000i\000q\000u\000e}{chapter.1}% 3
\BOOKMARK [2][-]{subsection.1.2.1}{\376\377\000L\000e\000s\000\040\000p\000r\000e\000m\000i\000\350\000r\000e\000s\000\040\000d\000\351\000c\000o\000u\000v\000e\000r\000t\000e\000s\000\040\000e\000t\000\040\000i\000n\000n\000o\000v\000a\000t\000i\000o\000n\000s}{section.1.2}% 4
\BOOKMARK [2][-]{subsection.1.2.2}{\376\377\000L\000e\000s\000\040\000p\000r\000e\000m\000i\000e\000r\000s\000\040\000d\000i\000s\000p\000o\000s\000i\000t\000i\000f\000s\000\040\000\351\000l\000e\000c\000t\000r\000o\000n\000i\000q\000u\000e\000s}{section.1.2}% 5
\BOOKMARK [2][-]{subsection.1.2.3}{\376\377\000L\000'\000a\000v\000\350\000n\000e\000m\000e\000n\000t\000\040\000d\000e\000\040\000l\000'\000\351\000l\000e\000c\000t\000r\000o\000n\000i\000q\000u\000e\000\040\000m\000o\000d\000e\000r\000n\000e}{section.1.2}% 6
\BOOKMARK [0][-]{chapter.2}{\376\377\000T\000h\000\351\000o\000r\000i\000e\000\040\000d\000e\000s\000\040\000C\000i\000r\000c\000u\000i\000t\000s}{}% 7
\BOOKMARK [1][-]{section.2.1}{\376\377\000C\000o\000m\000p\000o\000s\000a\000n\000t\000s\000\040\000P\000a\000s\000s\000i\000f\000s}{chapter.2}% 8
\BOOKMARK [1][-]{section.2.2}{\376\377\000L\000o\000i\000s\000\040\000d\000e\000\040\000K\000i\000r\000c\000h\000h\000o\000f\000f}{chapter.2}% 9
\BOOKMARK [2][-]{subsection.2.2.1}{\376\377\000L\000o\000i\000\040\000d\000e\000s\000\040\000t\000e\000n\000s\000i\000o\000n\000s\000\040\000d\000e\000\040\000K\000i\000r\000c\000h\000h\000o\000f\000f}{section.2.2}% 10
\BOOKMARK [2][-]{subsection.2.2.2}{\376\377\000L\000o\000i\000\040\000d\000e\000s\000\040\000c\000o\000u\000r\000a\000n\000t\000s\000\040\000d\000e\000\040\000K\000i\000r\000c\000h\000h\000o\000f\000f}{section.2.2}% 11
\BOOKMARK [2][-]{subsection.2.2.3}{\376\377\000E\000x\000e\000m\000p\000l\000e}{section.2.2}% 12
\BOOKMARK [1][-]{section.2.3}{\376\377\000R\000e\000p\000r\000\351\000s\000e\000n\000t\000a\000t\000i\000o\000n\000\040\000e\000n\000\040\000f\000r\000\351\000q\000u\000e\000n\000c\000e}{chapter.2}% 13
\BOOKMARK [2][-]{subsection.2.3.1}{\376\377\000L\000a\000\040\000t\000r\000a\000n\000s\000f\000o\000r\000m\000a\000t\000i\000o\000n\000\040\000d\000e\000\040\000S\000t\000e\000i\000n\000m\000e\000t\000z}{section.2.3}% 14
\BOOKMARK [2][-]{subsection.2.3.2}{\376\377\000L\000a\000\040\000t\000r\000a\000n\000s\000f\000o\000r\000m\000a\000t\000i\000o\000n\000\040\000d\000e\000\040\000L\000a\000p\000l\000a\000c\000e}{section.2.3}% 15
\BOOKMARK [2][-]{subsection.2.3.3}{\376\377\000C\000o\000m\000b\000i\000n\000a\000i\000s\000o\000n\000s\000\040\000e\000n\000\040\000s\000\351\000r\000i\000e\000\040\000e\000t\000\040\000e\000n\000\040\000p\000a\000r\000a\000l\000l\000\350\000l\000e}{section.2.3}% 16
\BOOKMARK [2][-]{subsection.2.3.4}{\376\377\000T\000h\000\351\000o\000r\000\350\000m\000e\000\040\000d\000e\000\040\000M\000i\000l\000l\000m\000a\000n}{section.2.3}% 17
\BOOKMARK [2][-]{subsection.2.3.5}{\376\377\000D\000i\000a\000g\000r\000a\000m\000m\000e\000\040\000d\000e\000\040\000B\000o\000d\000e}{section.2.3}% 18
\BOOKMARK [1][-]{section.2.4}{\376\377\000T\000r\000a\000n\000s\000f\000o\000r\000m\000a\000t\000i\000o\000n\000s\000\040\000d\000e\000\040\000c\000i\000r\000c\000u\000i\000t\000s}{chapter.2}% 19
\BOOKMARK [2][-]{subsection.2.4.1}{\376\377\000T\000h\000\351\000o\000r\000\350\000m\000e\000\040\000d\000e\000\040\000T\000h\000\351\000v\000e\000n\000i\000n}{section.2.4}% 20
\BOOKMARK [2][-]{subsection.2.4.2}{\376\377\000L\000e\000\040\000t\000h\000\351\000o\000r\000\350\000m\000e\000\040\000d\000e\000\040\000N\000o\000r\000t\000o\000n}{section.2.4}% 21
\BOOKMARK [2][-]{subsection.2.4.3}{\376\377\000D\000e\000u\000x\000\040\000P\000o\000r\000t\000s}{section.2.4}% 22
\BOOKMARK [2][-]{subsection.2.4.4}{\376\377\000C\000i\000r\000c\000u\000i\000t\000s\000\040\000e\000n\000\040\000c\000a\000s\000c\000a\000d\000e}{section.2.4}% 23
\BOOKMARK [-1][-]{part.1}{\376\377\000I\000\040\000C\000o\000m\000p\000o\000n\000e\000n\000t\000s}{}% 24
\BOOKMARK [0][-]{chapter.3}{\376\377\000T\000h\000\351\000o\000r\000i\000e\000\040\000d\000e\000s\000\040\000S\000e\000m\000i\000-\000c\000o\000n\000d\000u\000c\000t\000e\000u\000r\000s\000\040\000e\000t\000\040\000d\000e\000s\000\040\000S\000o\000l\000i\000d\000e\000s}{part.1}% 25
\BOOKMARK [1][-]{section.3.1}{\376\377\000L\000e\000s\000\040\000S\000e\000m\000i\000-\000c\000o\000n\000d\000u\000c\000t\000e\000u\000r\000s}{chapter.3}% 26
\BOOKMARK [2][-]{subsection.3.1.1}{\376\377\000S\000t\000r\000u\000c\000t\000u\000r\000e\000\040\000d\000e\000\040\000b\000a\000n\000d\000e}{section.3.1}% 27
\BOOKMARK [1][-]{section.3.2}{\376\377\000\311\000l\000e\000c\000t\000r\000o\000n\000s\000\040\000e\000t\000\040\000t\000r\000o\000u\000s}{chapter.3}% 28
\BOOKMARK [2][-]{subsection.3.2.1}{\376\377\000M\000a\000s\000s\000e\000\040\000e\000f\000f\000e\000c\000t\000i\000v\000e}{section.3.2}% 29
\BOOKMARK [2][-]{subsection.3.2.2}{\376\377\000N\000o\000m\000b\000r\000e\000\040\000d\000e\000\040\000p\000o\000r\000t\000e\000u\000r\000s}{section.3.2}% 30
\BOOKMARK [1][-]{section.3.3}{\376\377\000I\000m\000p\000u\000r\000e\000t\000\351\000s\000\040\000d\000o\000n\000n\000e\000u\000s\000e\000s\000\040\000e\000t\000\040\000a\000c\000c\000e\000p\000t\000e\000u\000s\000e\000s}{chapter.3}% 31
\BOOKMARK [2][-]{subsection.3.3.1}{\376\377\000T\000r\000a\000n\000s\000p\000o\000r\000t\000\040\000d\000e\000\040\000P\000o\000r\000t\000e\000u\000r\000s}{section.3.3}% 32
\BOOKMARK [2][-]{subsection.3.3.2}{\376\377\000C\000o\000u\000r\000a\000n\000t\000\040\000d\000e\000\040\000D\000\351\000r\000i\000v\000e}{section.3.3}% 33
\BOOKMARK [2][-]{subsection.3.3.3}{\376\377\000S\000t\000r\000u\000c\000t\000u\000r\000e\000\040\000d\000e\000\040\000b\000a\000n\000d\000e\000\040\000s\000o\000u\000s\000\040\000p\000o\000l\000a\000r\000i\000s\000a\000t\000i\000o\000n}{section.3.3}% 34
\BOOKMARK [2][-]{subsection.3.3.4}{\376\377\000C\000o\000u\000r\000a\000n\000t\000\040\000d\000e\000\040\000d\000i\000f\000f\000u\000s\000i\000o\000n}{section.3.3}% 35
\BOOKMARK [1][-]{section.3.4}{\376\377\000G\000\351\000n\000\351\000r\000a\000t\000i\000o\000n\000\040\000e\000t\000\040\000R\000e\000c\000o\000m\000b\000i\000n\000a\000i\000s\000o\000n}{chapter.3}% 36
\BOOKMARK [1][-]{section.3.5}{\376\377\000L\000e\000s\000\040\000\351\000q\000u\000a\000t\000i\000o\000n\000s\000\040\000d\000e\000\040\000c\000o\000n\000t\000i\000n\000u\000i\000t\000\351}{chapter.3}% 37
\BOOKMARK [0][-]{chapter.4}{\376\377\000T\000h\000e\000\040\000p\000n\000-\000j\000u\000n\000c\000t\000i\000o\000n}{part.1}% 38
\BOOKMARK [1][-]{section.4.1}{\376\377\000T\000h\000e\000\040\000p\000n\000-\000j\000u\000n\000c\000t\000i\000o\000n\000\040\000i\000n\000\040\000e\000q\000u\000i\000l\000i\000b\000r\000i\000u\000m}{chapter.4}% 39
\BOOKMARK [2][-]{subsection.4.1.1}{\376\377\000F\000e\000r\000m\000i\000-\000l\000e\000v\000e\000l\000s\000\040\000i\000n\000\040\000e\000q\000u\000i\000l\000i\000b\000r\000i\000u\000m}{section.4.1}% 40
\BOOKMARK [2][-]{subsection.4.1.2}{\376\377\000T\000h\000e\000\040\000b\000u\000i\000l\000t\000-\000i\000n\000\040\000p\000o\000t\000e\000n\000t\000i\000a\000l}{section.4.1}% 41
\BOOKMARK [1][-]{section.4.2}{\376\377\000T\000h\000e\000\040\000p\000n\000-\000j\000u\000n\000c\000t\000i\000o\000n\000\040\000u\000n\000d\000e\000r\000\040\000b\000i\000a\000s}{chapter.4}% 42
\BOOKMARK [2][-]{subsection.4.2.1}{\376\377\000F\000o\000r\000w\000a\000r\000d\000\040\000b\000i\000a\000s}{section.4.2}% 43
\BOOKMARK [2][-]{subsection.4.2.2}{\376\377\000R\000e\000v\000e\000r\000s\000e\000\040\000B\000i\000a\000s}{section.4.2}% 44
\BOOKMARK [2][-]{subsection.4.2.3}{\376\377\000D\000i\000o\000d\000e\000\040\000C\000h\000a\000r\000a\000c\000t\000e\000r\000i\000s\000t\000i\000c}{section.4.2}% 45
\BOOKMARK [2][-]{subsection.4.2.4}{\376\377\000P\000r\000a\000c\000t\000i\000c\000a\000l\000\040\000D\000i\000o\000d\000e\000\040\000C\000h\000a\000r\000a\000c\000t\000e\000r\000i\000s\000t\000i\000c}{section.4.2}% 46
\BOOKMARK [1][-]{section.4.3}{\376\377\000T\000u\000n\000n\000e\000l\000\040\000\046\000\040\000A\000v\000a\000l\000a\000n\000c\000h\000e\000\040\000e\000f\000f\000e\000c\000t}{chapter.4}% 47
\BOOKMARK [1][-]{section.4.4}{\376\377\000D\000e\000p\000l\000e\000t\000i\000o\000n\000\040\000C\000a\000p\000a\000c\000i\000t\000a\000n\000c\000e}{chapter.4}% 48
\BOOKMARK [1][-]{section.4.5}{\376\377\000P\000h\000o\000t\000o\000d\000e\000t\000e\000c\000t\000o\000r}{chapter.4}% 49
\BOOKMARK [0][-]{chapter.5}{\376\377\000T\000r\000a\000n\000s\000i\000s\000t\000o\000r\000s}{part.1}% 50
\BOOKMARK [1][-]{section.5.1}{\376\377\000B\000i\000p\000o\000l\000a\000r\000\040\000J\000u\000n\000c\000t\000i\000o\000n\000\040\000T\000r\000a\000n\000s\000i\000s\000t\000o\000r}{chapter.5}% 51
\BOOKMARK [2][-]{subsection.5.1.1}{\376\377\000O\000p\000e\000r\000a\000t\000i\000o\000n\000\040\000i\000n\000\040\000A\000c\000t\000i\000v\000e\000\040\000M\000o\000d\000e}{section.5.1}% 52
\BOOKMARK [2][-]{subsection.5.1.2}{\376\377\000C\000u\000r\000r\000e\000n\000t\000s\000\040\000i\000n\000\040\000A\000c\000t\000i\000v\000e\000\040\000M\000o\000d\000e}{section.5.1}% 53
\BOOKMARK [2][-]{subsection.5.1.3}{\376\377\000C\000a\000r\000r\000i\000e\000r\000\040\000d\000i\000s\000t\000r\000i\000b\000u\000t\000i\000o\000n\000\040\000i\000n\000\040\000A\000c\000t\000i\000v\000e\000\040\000M\000o\000d\000e}{section.5.1}% 54
\BOOKMARK [2][-]{subsection.5.1.4}{\376\377\000M\000o\000d\000e\000s\000\040\000o\000f\000\040\000O\000p\000e\000r\000a\000t\000i\000o\000n\000\040\000a\000n\000d\000\040\000E\000b\000e\000r\000s\000-\000M\000o\000l\000l\000\040\000E\000q\000u\000a\000t\000i\000o\000n\000s}{section.5.1}% 55
\BOOKMARK [2][-]{subsection.5.1.5}{\376\377\000C\000o\000m\000m\000o\000n\000-\000E\000m\000i\000t\000t\000e\000r\000\040\000c\000o\000n\000f\000i\000g\000u\000r\000a\000t\000i\000o\000n}{section.5.1}% 56
\BOOKMARK [2][-]{subsection.5.1.6}{\376\377\000E\000a\000r\000l\000y\000\040\000E\000f\000f\000e\000c\000t}{section.5.1}% 57
\BOOKMARK [1][-]{section.5.2}{\376\377\000M\000O\000S\000F\000E\000T}{chapter.5}% 58
\BOOKMARK [2][-]{subsection.5.2.1}{\376\377\000D\000e\000s\000c\000r\000i\000p\000t\000i\000o\000n\000\040\000a\000n\000d\000\040\000O\000p\000e\000r\000a\000t\000i\000o\000n}{section.5.2}% 59
\BOOKMARK [2][-]{subsection.5.2.2}{\376\377\000M\000O\000S\000\040\000C\000a\000p\000a\000c\000i\000t\000o\000r}{section.5.2}% 60
\BOOKMARK [2][-]{subsection.5.2.3}{\376\377\000I\000-\000V\000\040\000c\000h\000a\000r\000a\000c\000t\000e\000r\000i\000s\000t\000i\000c}{section.5.2}% 61
\BOOKMARK [2][-]{subsection.5.2.4}{\376\377\000S\000e\000c\000o\000n\000d\000\040\000O\000r\000d\000e\000r\000\040\000E\000f\000f\000e\000c\000t\000s}{section.5.2}% 62
\BOOKMARK [-1][-]{part.2}{\376\377\000I\000I\000\040\000A\000n\000a\000l\000o\000g\000\040\000E\000l\000e\000c\000t\000r\000o\000n\000i\000c\000s}{}% 63
\BOOKMARK [0][-]{chapter.6}{\376\377\000B\000a\000s\000i\000c\000\040\000A\000n\000a\000l\000o\000g\000\040\000C\000i\000r\000c\000u\000i\000t\000s}{part.2}% 64
\BOOKMARK [1][-]{section.6.1}{\376\377\000N\000o\000n\000-\000l\000i\000n\000e\000a\000r\000\040\000e\000l\000e\000m\000e\000n\000t\000s\000\040\000i\000n\000\040\000c\000i\000r\000c\000u\000i\000t\000s}{chapter.6}% 65
\BOOKMARK [2][-]{subsection.6.1.1}{\376\377\000T\000h\000e\000\040\000D\000i\000o\000d\000e\000\040\000a\000s\000\040\000a\000\040\000C\000i\000r\000c\000u\000i\000t\000\040\000E\000l\000e\000m\000e\000n\000t}{section.6.1}% 66
\BOOKMARK [2][-]{subsection.6.1.2}{\376\377\000T\000h\000e\000\040\000B\000J\000T\000\040\000a\000s\000\040\000a\000\040\000C\000i\000r\000c\000u\000i\000t\000\040\000E\000l\000e\000m\000e\000n\000t}{section.6.1}% 67
\BOOKMARK [2][-]{subsection.6.1.3}{\376\377\000T\000h\000e\000\040\000M\000O\000S\000F\000E\000T\000\040\000a\000s\000\040\000a\000\040\000C\000i\000r\000c\000u\000i\000t\000\040\000E\000l\000e\000m\000e\000n\000t}{section.6.1}% 68
\BOOKMARK [2][-]{subsection.6.1.4}{\376\377\000A\000d\000d\000i\000t\000i\000o\000n\000a\000l\000\040\000r\000e\000m\000a\000r\000k\000s}{section.6.1}% 69
\BOOKMARK [2][-]{subsection.6.1.5}{\376\377\000A\000\040\000m\000o\000r\000e\000\040\000g\000e\000n\000e\000r\000a\000l\000\040\000c\000i\000r\000c\000u\000i\000t}{section.6.1}% 70
\BOOKMARK [1][-]{section.6.2}{\376\377\000S\000m\000a\000l\000l\000-\000S\000i\000g\000n\000a\000l\000\040\000R\000e\000s\000p\000o\000n\000s\000e}{chapter.6}% 71
\BOOKMARK [1][-]{section.6.3}{\376\377\000S\000t\000a\000t\000i\000c\000\040\000a\000n\000d\000\040\000D\000y\000n\000a\000m\000i\000c\000\040\000L\000o\000a\000d\000\040\000l\000i\000n\000e\000s}{chapter.6}% 72
\BOOKMARK [2][-]{subsection.6.3.1}{\376\377\000T\000r\000a\000n\000s\000i\000s\000t\000o\000r\000s\000\040\000a\000n\000d\000\040\000D\000y\000n\000a\000m\000i\000c\000\040\000L\000o\000a\000d\000\040\000L\000i\000n\000e\000s}{section.6.3}% 73
\BOOKMARK [1][-]{section.6.4}{\376\377\000B\000i\000a\000s\000i\000n\000g}{chapter.6}% 74
\BOOKMARK [2][-]{subsection.6.4.1}{\376\377\000B\000J\000T\000\040\000B\000i\000a\000s\000i\000n\000g}{section.6.4}% 75
\BOOKMARK [2][-]{subsection.6.4.2}{\376\377\000M\000O\000S\000F\000E\000T\000\040\000B\000i\000a\000s\000i\000n\000g}{section.6.4}% 76
\BOOKMARK [1][-]{section.6.5}{\376\377\000T\000h\000e\000\040\000S\000m\000a\000l\000l\000-\000S\000i\000g\000n\000a\000l\000\040\000M\000o\000d\000e\000l}{chapter.6}% 77
\BOOKMARK [2][-]{subsection.6.5.1}{\376\377\000B\000J\000T\000\040\000S\000m\000a\000l\000l\000-\000S\000i\000g\000n\000a\000l\000\040\000M\000o\000d\000e\000l}{section.6.5}% 78
\BOOKMARK [2][-]{subsection.6.5.2}{\376\377\000M\000O\000S\000F\000E\000T\000\040\000S\000m\000a\000l\000l\000-\000S\000i\000g\000n\000a\000l\000\040\000M\000o\000d\000e\000l}{section.6.5}% 79
\BOOKMARK [2][-]{subsection.6.5.3}{\376\377\000O\000r\000d\000e\000r\000s\000\040\000o\000f\000\040\000m\000a\000g\000n\000i\000t\000u\000d\000e}{section.6.5}% 80
\BOOKMARK [0][-]{chapter.7}{\376\377\000A\000m\000p\000l\000i\000f\000i\000e\000r\000s}{part.2}% 81
\BOOKMARK [1][-]{section.7.1}{\376\377\000B\000a\000s\000i\000c\000\040\000A\000m\000p\000l\000i\000f\000i\000e\000r}{chapter.7}% 82
\BOOKMARK [2][-]{subsection.7.1.1}{\376\377\000C\000o\000u\000p\000l\000i\000n\000g\000\040\000C\000a\000p\000a\000c\000i\000t\000a\000n\000c\000e}{section.7.1}% 83
\BOOKMARK [2][-]{subsection.7.1.2}{\376\377\000T\000h\000e\000\040\0004\000-\000r\000e\000s\000i\000s\000t\000o\000r\000\040\000a\000m\000p\000l\000i\000f\000i\000e\000r}{section.7.1}% 84
\BOOKMARK [1][-]{section.7.2}{\376\377\000B\000a\000s\000i\000c\000\040\000T\000o\000p\000o\000l\000o\000g\000i\000e\000s}{chapter.7}% 85
\BOOKMARK [2][-]{subsection.7.2.1}{\376\377\000C\000o\000m\000m\000o\000n\000\040\000E\000m\000i\000t\000t\000e\000r\000\040\000A\000m\000p\000l\000i\000f\000i\000e\000r\000\040\000\050\000C\000E\000A\000\051}{section.7.2}% 86
\BOOKMARK [2][-]{subsection.7.2.2}{\376\377\000C\000o\000m\000m\000o\000n\000\040\000B\000a\000s\000e\000\040\000A\000m\000p\000l\000i\000f\000i\000e\000r\000\040\000\050\000C\000B\000A\000\051}{section.7.2}% 87
\BOOKMARK [2][-]{subsection.7.2.3}{\376\377\000C\000o\000m\000m\000o\000n\000\040\000C\000o\000l\000l\000e\000c\000t\000o\000r\000\040\000A\000m\000p\000l\000i\000f\000i\000e\000r\000\040\000\050\000C\000C\000A\000\051}{section.7.2}% 88
\BOOKMARK [2][-]{subsection.7.2.4}{\376\377\000C\000o\000m\000p\000a\000r\000i\000s\000o\000n\000\040\000o\000f\000\040\000T\000o\000p\000o\000l\000o\000g\000i\000e\000s}{section.7.2}% 89
\BOOKMARK [1][-]{section.7.3}{\376\377\000D\000i\000f\000f\000e\000r\000e\000n\000t\000i\000a\000l\000\040\000A\000m\000p\000l\000i\000f\000i\000e\000r}{chapter.7}% 90
\BOOKMARK [2][-]{subsection.7.3.1}{\376\377\000D\000e\000f\000i\000n\000i\000t\000i\000o\000n}{section.7.3}% 91
\BOOKMARK [2][-]{subsection.7.3.2}{\376\377\000I\000m\000p\000l\000e\000m\000e\000n\000t\000a\000t\000i\000o\000n}{section.7.3}% 92
\BOOKMARK [2][-]{subsection.7.3.3}{\376\377\000C\000o\000m\000m\000o\000n\000\040\000M\000o\000d\000e}{section.7.3}% 93
\BOOKMARK [2][-]{subsection.7.3.4}{\376\377\000D\000i\000f\000f\000e\000r\000e\000n\000t\000i\000a\000l\000\040\000M\000o\000d\000e}{section.7.3}% 94
\BOOKMARK [2][-]{subsection.7.3.5}{\376\377\000L\000o\000a\000d\000-\000l\000i\000n\000e\000\040\000A\000n\000a\000l\000y\000s\000i\000s}{section.7.3}% 95
\BOOKMARK [2][-]{subsection.7.3.6}{\376\377\000C\000o\000m\000m\000o\000n\000\040\000\046\000\040\000D\000i\000f\000f\000e\000r\000e\000n\000t\000i\000a\000l\000\040\000G\000a\000i\000n}{section.7.3}% 96
\BOOKMARK [2][-]{subsection.7.3.7}{\376\377\000P\000o\000w\000e\000r\000-\000S\000u\000p\000p\000l\000y\000\040\000R\000e\000j\000e\000c\000t\000i\000o\000n\000\040\000R\000a\000t\000i\000o}{section.7.3}% 97
\BOOKMARK [1][-]{section.7.4}{\376\377\000O\000p\000e\000r\000a\000t\000i\000o\000n\000a\000l\000\040\000A\000m\000p\000l\000i\000f\000i\000e\000r}{chapter.7}% 98
\BOOKMARK [2][-]{subsection.7.4.1}{\376\377\000T\000h\000e\000\040\000I\000d\000e\000a\000l\000\040\000A\000m\000p\000l\000i\000f\000i\000e\000r}{section.7.4}% 99
\BOOKMARK [2][-]{subsection.7.4.2}{\376\377\000T\000h\000e\000\040\000R\000e\000a\000l\000\040\000A\000m\000p\000l\000i\000f\000i\000e\000r}{section.7.4}% 100
\BOOKMARK [2][-]{subsection.7.4.3}{\376\377\000O\000P\000A\000M\000P\000\040\000T\000h\000e\000o\000r\000y}{section.7.4}% 101
\BOOKMARK [2][-]{subsection.7.4.4}{\376\377\000U\000n\000i\000t\000y\000\040\000G\000a\000i\000n\000\040\000B\000u\000f\000f\000e\000r}{section.7.4}% 102
\BOOKMARK [0][-]{chapter.8}{\376\377\000T\000r\000a\000n\000s\000i\000s\000t\000o\000r\000s\000\040\000a\000t\000\040\000H\000i\000g\000h\000\040\000F\000r\000e\000q\000u\000e\000n\000c\000y}{part.2}% 103
\BOOKMARK [1][-]{section.8.1}{\376\377\000G\000i\000a\000c\000o\000l\000e\000t\000t\000o\000\040\000M\000o\000d\000e\000l\000\040\000a\000t\000\040\000H\000i\000g\000h\000\040\000F\000r\000e\000q\000u\000e\000n\000c\000i\000e\000s}{chapter.8}% 104
\BOOKMARK [1][-]{section.8.2}{\376\377\000T\000h\000e\000\040\000M\000i\000l\000l\000e\000r\000\040\000C\000a\000p\000a\000c\000i\000t\000o\000r}{chapter.8}% 105
\BOOKMARK [1][-]{section.8.3}{\376\377\000M\000i\000l\000l\000e\000r\000'\000s\000\040\000T\000h\000e\000o\000r\000e\000m}{chapter.8}% 106
\BOOKMARK [1][-]{section.8.4}{\376\377\000C\000o\000n\000c\000l\000u\000s\000i\000o\000n}{chapter.8}% 107
\BOOKMARK [0][-]{chapter.9}{\376\377\000P\000o\000w\000e\000r\000\040\000A\000m\000p\000l\000i\000f\000i\000e\000r\000s}{part.2}% 108
\BOOKMARK [1][-]{section.9.1}{\376\377\000I\000n\000t\000r\000o\000d\000u\000c\000t\000i\000o\000n}{chapter.9}% 109
\BOOKMARK [1][-]{section.9.2}{\376\377\000C\000l\000a\000s\000s\000\040\000A\000\040\000A\000m\000p\000l\000i\000f\000i\000e\000r}{chapter.9}% 110
\BOOKMARK [2][-]{subsection.9.2.1}{\376\377\000I\000m\000p\000r\000o\000v\000e\000m\000e\000n\000t\000\040\000t\000o\000\040\000t\000h\000e\000\040\000c\000l\000a\000s\000s\000\040\000A\000\040\000a\000m\000p\000l\000i\000f\000i\000e\000r}{section.9.2}% 111
\BOOKMARK [1][-]{section.9.3}{\376\377\000C\000l\000a\000s\000s\000\040\000B\000\040\000A\000m\000p\000l\000i\000f\000i\000e\000r}{chapter.9}% 112
\BOOKMARK [1][-]{section.9.4}{\376\377\000P\000u\000s\000h\000-\000P\000u\000l\000l\000\040\000A\000m\000p\000l\000i\000f\000i\000e\000r\000s}{chapter.9}% 113
\BOOKMARK [1][-]{section.9.5}{\376\377\000C\000l\000a\000s\000s\000\040\000C\000\040\000A\000m\000p\000l\000i\000f\000i\000e\000r}{chapter.9}% 114
\BOOKMARK [2][-]{subsection.9.5.1}{\376\377\000T\000h\000e\000\040\000R\000L\000C\000\040\000T\000a\000n\000k}{section.9.5}% 115
\BOOKMARK [1][-]{section.9.6}{\376\377\000C\000l\000a\000s\000s\000\040\000D\000\040\000A\000m\000p\000l\000i\000f\000i\000e\000r}{chapter.9}% 116
\BOOKMARK [1][-]{section.9.7}{\376\377\000C\000l\000a\000s\000s\000\040\000S\000\040\000A\000m\000p\000l\000i\000f\000i\000e\000r}{chapter.9}% 117
\BOOKMARK [1][-]{section.9.8}{\376\377\000T\000h\000e\000\040\000S\000e\000l\000e\000c\000t\000i\000v\000e\000\040\000A\000m\000p\000l\000i\000f\000i\000e\000r}{chapter.9}% 118
\BOOKMARK [0][-]{chapter.10}{\376\377\000F\000e\000e\000d\000b\000a\000c\000k\000\040\000T\000h\000e\000o\000r\000y}{part.2}% 119
\BOOKMARK [1][-]{section.10.1}{\376\377\000A\000c\000c\000u\000r\000a\000t\000e\000\040\000G\000a\000i\000n\000\040\000C\000o\000n\000t\000r\000o\000l}{chapter.10}% 120
\BOOKMARK [1][-]{section.10.2}{\376\377\000I\000n\000p\000u\000t\000\040\000a\000n\000d\000\040\000o\000u\000t\000p\000u\000t\000\040\000i\000m\000p\000e\000d\000a\000n\000c\000e\000\040\000w\000i\000t\000h\000\040\000f\000e\000e\000d\000b\000a\000c\000k}{chapter.10}% 121
\BOOKMARK [1][-]{section.10.3}{\376\377\000I\000n\000c\000r\000e\000a\000s\000e\000d\000\040\000b\000a\000n\000d\000w\000i\000d\000t\000h}{chapter.10}% 122
\BOOKMARK [1][-]{section.10.4}{\376\377\000D\000i\000s\000t\000o\000r\000t\000i\000o\000n\000\040\000r\000e\000d\000u\000c\000t\000i\000o\000n}{chapter.10}% 123
\BOOKMARK [1][-]{section.10.5}{\376\377\000S\000t\000a\000b\000i\000l\000i\000t\000y\000\040\000I\000s\000s\000u\000e\000s}{chapter.10}% 124
\BOOKMARK [0][-]{chapter.11}{\376\377\000O\000s\000c\000i\000l\000l\000a\000t\000o\000r\000s}{part.2}% 125
\BOOKMARK [1][-]{section.11.1}{\376\377\000P\000h\000a\000s\000e\000\040\000S\000h\000i\000f\000t\000\040\000O\000s\000c\000i\000l\000l\000a\000t\000o\000r}{chapter.11}% 126
\BOOKMARK [1][-]{section.11.2}{\376\377\000W\000i\000e\000n\000\040\000B\000r\000i\000d\000g\000e\000\040\000O\000s\000c\000i\000l\000l\000a\000t\000o\000r}{chapter.11}% 127
\BOOKMARK [1][-]{section.11.3}{\376\377\000C\000o\000l\000p\000i\000t\000t\000s\000\040\000O\000s\000c\000i\000l\000l\000a\000t\000o\000r}{chapter.11}% 128
\BOOKMARK [1][-]{section.11.4}{\376\377\000Q\000u\000a\000r\000t\000z\000\040\000O\000s\000c\000i\000l\000l\000a\000t\000o\000r}{chapter.11}% 129
\BOOKMARK [1][-]{section.11.5}{\376\377\000R\000e\000l\000a\000x\000a\000t\000i\000o\000n\000\040\000O\000s\000c\000i\000l\000l\000a\000t\000o\000r}{chapter.11}% 130
\BOOKMARK [1][-]{section.11.6}{\376\377\000T\000h\000e\000\040\000F\000a\000n\000t\000a\000s\000t\000r\000o\000n}{chapter.11}% 131
\BOOKMARK [0][-]{chapter.12}{\376\377\000D\000C\000\040\000V\000o\000l\000t\000a\000g\000e\000\040\000G\000e\000n\000e\000r\000a\000t\000i\000o\000n}{part.2}% 132
\BOOKMARK [1][-]{section.12.1}{\376\377\000A\000C\000\040\000v\000o\000l\000t\000a\000g\000e\000\040\000m\000o\000d\000i\000f\000i\000c\000a\000t\000i\000o\000n}{chapter.12}% 133
\BOOKMARK [1][-]{section.12.2}{\376\377\000D\000i\000o\000d\000e\000\040\000R\000e\000c\000t\000i\000f\000i\000e\000r}{chapter.12}% 134
\BOOKMARK [1][-]{section.12.3}{\376\377\000V\000o\000l\000t\000a\000g\000e\000\040\000S\000t\000a\000b\000i\000l\000i\000z\000e\000r}{chapter.12}% 135
\BOOKMARK [2][-]{subsection.12.3.1}{\376\377\000D\000o\000u\000b\000l\000e\000\040\000S\000t\000a\000b\000i\000l\000i\000z\000e\000r}{section.12.3}% 136
\BOOKMARK [2][-]{subsection.12.3.2}{\376\377\000T\000r\000a\000n\000s\000i\000s\000t\000o\000r\000-\000b\000a\000s\000e\000d\000\040\000S\000t\000a\000b\000i\000l\000i\000z\000e\000r}{section.12.3}% 137
\BOOKMARK [1][-]{section.12.4}{\376\377\000S\000u\000p\000p\000l\000y\000\040\000P\000r\000o\000t\000e\000c\000t\000i\000o\000n}{chapter.12}% 138
\BOOKMARK [1][-]{section.12.5}{\376\377\000S\000w\000i\000t\000c\000h\000e\000d\000\040\000S\000u\000p\000p\000l\000y}{chapter.12}% 139
\BOOKMARK [-1][-]{part.3}{\376\377\000I\000I\000I\000\040\000D\000i\000g\000i\000t\000a\000l\000\040\000E\000l\000e\000c\000t\000r\000o\000n\000i\000c\000s}{}% 140
\BOOKMARK [0][-]{chapter.13}{\376\377\000B\000a\000s\000i\000c\000s\000\040\000o\000f\000\040\000D\000i\000g\000i\000t\000a\000l\000\040\000C\000i\000r\000c\000u\000i\000t\000s}{part.3}% 141
\BOOKMARK [0][-]{chapter.14}{\376\377\000L\000o\000g\000i\000c\000\040\000G\000a\000t\000e\000s}{part.3}% 142
\BOOKMARK [1][-]{section.14.1}{\376\377\000B\000a\000s\000i\000c\000\040\000L\000o\000g\000i\000c\000\040\000G\000a\000t\000e\000s}{chapter.14}% 143
\BOOKMARK [1][-]{section.14.2}{\376\377\000C\000o\000m\000p\000l\000e\000x\000\040\000L\000o\000g\000i\000c\000\040\000G\000a\000t\000e\000s}{chapter.14}% 144
\BOOKMARK [2][-]{subsection.14.2.1}{\376\377\000E\000x\000a\000m\000p\000l\000e\000:\000\040\000D\000i\000g\000i\000t\000a\000l\000\040\000M\000u\000l\000t\000i\000p\000l\000e\000x\000e\000r}{section.14.2}% 145
\BOOKMARK [1][-]{section.14.3}{\376\377\000C\000M\000O\000S\000\040\000G\000a\000t\000e\000s}{chapter.14}% 146
\BOOKMARK [2][-]{subsection.14.3.1}{\376\377\000G\000a\000t\000e\000\040\000I\000n\000h\000i\000b\000i\000t\000i\000o\000n}{section.14.3}% 147
\BOOKMARK [1][-]{section.14.4}{\376\377\000K\000a\000r\000n\000a\000u\000g\000h\000\040\000M\000a\000p\000p\000i\000n\000g}{chapter.14}% 148
\BOOKMARK [2][-]{subsection.14.4.1}{\376\377\000E\000x\000a\000m\000p\000l\000e\000:\000\040\000t\000h\000e\000\040\000A\000d\000d\000e\000r}{section.14.4}% 149
\BOOKMARK [0][-]{chapter.15}{\376\377\000A\000l\000t\000e\000r\000n\000a\000t\000i\000v\000e\000\040\000D\000i\000g\000i\000t\000a\000l\000\040\000F\000a\000m\000i\000l\000i\000e\000s}{part.3}% 150
\BOOKMARK [1][-]{section.15.1}{\376\377\000B\000J\000T\000\040\000L\000o\000g\000i\000c\000\040\000G\000a\000t\000e}{chapter.15}% 151
\BOOKMARK [1][-]{section.15.2}{\376\377\000T\000r\000a\000n\000s\000i\000s\000t\000o\000r\000-\000T\000r\000a\000n\000s\000i\000s\000t\000o\000r\000\040\000L\000o\000g\000i\000c}{chapter.15}% 152
\BOOKMARK [2][-]{subsection.15.2.1}{\376\377\000T\000o\000t\000e\000m\000-\000P\000o\000l\000e\000\040\000C\000o\000n\000f\000i\000g\000u\000r\000a\000t\000i\000o\000n}{section.15.2}% 153
\BOOKMARK [1][-]{section.15.3}{\376\377\000E\000m\000i\000t\000t\000e\000r\000-\000C\000o\000u\000p\000l\000e\000d\000\040\000L\000o\000g\000i\000c}{chapter.15}% 154
\BOOKMARK [2][-]{subsection.15.3.1}{\376\377\000N\000O\000R\000\040\000G\000a\000t\000e}{section.15.3}% 155
\BOOKMARK [2][-]{subsection.15.3.2}{\376\377\000N\000A\000N\000D\000\040\000G\000a\000t\000e}{section.15.3}% 156
\BOOKMARK [1][-]{section.15.4}{\376\377\000T\000h\000e\000\040\000S\000c\000h\000m\000i\000d\000t\000\040\000T\000r\000i\000g\000g\000e\000r}{chapter.15}% 157
\BOOKMARK [0][-]{chapter.16}{\376\377\000D\000i\000g\000i\000t\000a\000l\000\040\000C\000i\000r\000c\000u\000i\000t\000\040\000I\000m\000p\000l\000e\000m\000e\000n\000t\000a\000t\000i\000o\000n}{part.3}% 158
\BOOKMARK [1][-]{section.16.1}{\376\377\000F\000i\000e\000l\000d\000-\000P\000r\000o\000g\000r\000a\000m\000m\000a\000b\000l\000e\000\040\000G\000a\000t\000e\000\040\000A\000r\000r\000a\000y}{chapter.16}% 159
\BOOKMARK [1][-]{section.16.2}{\376\377\000P\000r\000o\000g\000r\000a\000m\000m\000a\000b\000l\000e\000\040\000L\000o\000g\000i\000c\000\040\000A\000r\000r\000a\000y}{chapter.16}% 160
\BOOKMARK [1][-]{section.16.3}{\376\377\000H\000a\000r\000d\000w\000a\000r\000e\000\040\000D\000e\000s\000c\000r\000i\000p\000t\000i\000o\000n\000\040\000L\000a\000n\000g\000u\000a\000g\000e\000s}{chapter.16}% 161
\BOOKMARK [0][-]{chapter.17}{\376\377\000S\000e\000q\000u\000e\000n\000t\000i\000a\000l\000\040\000D\000i\000g\000i\000t\000a\000l\000\040\000S\000y\000s\000t\000e\000m\000s}{part.3}% 162
\BOOKMARK [1][-]{section.17.1}{\376\377\000D\000i\000g\000i\000t\000a\000l\000\040\000M\000e\000m\000o\000r\000y}{chapter.17}% 163
\BOOKMARK [1][-]{section.17.2}{\376\377\000S\000R\000\040\000F\000l\000i\000p\000-\000F\000l\000o\000p}{chapter.17}% 164
\BOOKMARK [1][-]{section.17.3}{\376\377\000D\000-\000L\000a\000t\000c\000h}{chapter.17}% 165
\BOOKMARK [2][-]{subsection.17.3.1}{\376\377\000I\000m\000p\000l\000e\000m\000e\000n\000t\000a\000t\000i\000o\000n\000\040\000o\000f\000\040\000t\000h\000e\000\040\000E\000d\000g\000e\000-\000t\000r\000i\000g\000g\000e\000r}{section.17.3}% 166
\BOOKMARK [1][-]{section.17.4}{\376\377\000J\000K\000\040\000F\000l\000i\000p\000\040\000F\000l\000o\000p}{chapter.17}% 167
\BOOKMARK [1][-]{section.17.5}{\376\377\000A\000p\000p\000l\000i\000c\000a\000t\000i\000o\000n\000s}{chapter.17}% 168
\BOOKMARK [2][-]{subsection.17.5.1}{\376\377\000T\000h\000e\000\040\000C\000o\000u\000n\000t\000e\000r}{section.17.5}% 169
\BOOKMARK [2][-]{subsection.17.5.2}{\376\377\000T\000h\000e\000\040\000R\000e\000g\000i\000s\000t\000e\000r}{section.17.5}% 170
\BOOKMARK [1][-]{section.17.6}{\376\377\000S\000e\000q\000u\000e\000n\000t\000i\000a\000l\000\040\000C\000i\000r\000c\000u\000i\000t\000\040\000D\000e\000s\000i\000g\000n}{chapter.17}% 171
\BOOKMARK [2][-]{subsection.17.6.1}{\376\377\000E\000x\000a\000m\000p\000l\000e\000:\000\040\000A\000n\000\040\000S\000R\000-\000F\000F\000\040\000u\000s\000i\000n\000g\000\040\000a\000\040\000D\000-\000F\000F}{section.17.6}% 172
\BOOKMARK [1][-]{section.17.7}{\376\377\000M\000e\000m\000o\000r\000y\000\040\000T\000y\000p\000e\000s}{chapter.17}% 173
\BOOKMARK [2][-]{subsection.17.7.1}{\376\377\000S\000t\000a\000t\000i\000c\000\040\000R\000A\000M}{section.17.7}% 174
\BOOKMARK [2][-]{subsection.17.7.2}{\376\377\000D\000y\000n\000a\000m\000i\000c\000\040\000R\000A\000M}{section.17.7}% 175
\BOOKMARK [2][-]{subsection.17.7.3}{\376\377\000R\000e\000a\000d\000-\000O\000n\000l\000y\000\040\000M\000e\000m\000o\000r\000y}{section.17.7}% 176
\BOOKMARK [0][-]{chapter.18}{\376\377\000A\000/\000D\000\040\000a\000n\000d\000\040\000D\000/\000A\000\040\000C\000o\000n\000v\000e\000r\000t\000e\000r\000s}{part.3}% 177
\BOOKMARK [1][-]{section.18.1}{\376\377\000I\000n\000t\000r\000o\000d\000u\000c\000t\000i\000o\000n}{chapter.18}% 178
\BOOKMARK [1][-]{section.18.2}{\376\377\000C\000h\000a\000r\000a\000c\000t\000e\000r\000i\000s\000t\000i\000c\000s\000\040\000o\000f\000\040\000D\000A\000C\000\040\000\046\000\040\000A\000D\000C}{chapter.18}% 179
\BOOKMARK [1][-]{section.18.3}{\376\377\000S\000a\000m\000p\000l\000e\000-\000a\000n\000d\000-\000H\000o\000l\000d\000\040\000C\000i\000r\000c\000u\000i\000t}{chapter.18}% 180
\BOOKMARK [1][-]{section.18.4}{\376\377\000D\000i\000g\000i\000t\000a\000l\000-\000t\000o\000-\000A\000n\000a\000l\000o\000g\000\040\000C\000o\000n\000v\000e\000r\000t\000e\000r\000s}{chapter.18}% 181
\BOOKMARK [2][-]{subsection.18.4.1}{\376\377\000V\000o\000l\000t\000a\000g\000e\000\040\000D\000i\000s\000t\000r\000i\000b\000u\000t\000i\000o\000n}{section.18.4}% 182
\BOOKMARK [2][-]{subsection.18.4.2}{\376\377\000C\000h\000a\000r\000g\000e\000\040\000D\000i\000s\000t\000r\000i\000b\000u\000t\000i\000o\000n}{section.18.4}% 183
\BOOKMARK [2][-]{subsection.18.4.3}{\376\377\000S\000e\000r\000i\000a\000l\000\040\000C\000h\000a\000r\000g\000e\000\040\000D\000i\000s\000t\000r\000i\000b\000u\000t\000i\000o\000n}{section.18.4}% 184
\BOOKMARK [1][-]{section.18.5}{\376\377\000A\000n\000a\000l\000o\000g\000-\000t\000o\000-\000D\000i\000g\000i\000t\000a\000l\000\040\000C\000o\000n\000v\000e\000r\000t\000e\000r\000s}{chapter.18}% 185
\BOOKMARK [2][-]{subsection.18.5.1}{\376\377\000S\000e\000r\000i\000a\000l\000\040\000C\000o\000n\000v\000e\000r\000t\000e\000r}{section.18.5}% 186
\BOOKMARK [2][-]{subsection.18.5.2}{\376\377\000D\000o\000u\000b\000l\000e\000\040\000I\000n\000t\000e\000g\000r\000a\000t\000i\000o\000n}{section.18.5}% 187
\BOOKMARK [2][-]{subsection.18.5.3}{\376\377\000S\000u\000c\000c\000e\000s\000s\000i\000v\000e\000\040\000A\000p\000p\000r\000o\000x\000i\000m\000a\000t\000i\000o\000n}{section.18.5}% 188
\BOOKMARK [2][-]{subsection.18.5.4}{\376\377\000F\000l\000a\000s\000h\000\040\000C\000o\000n\000v\000e\000r\000t\000e\000r}{section.18.5}% 189
\BOOKMARK [2][-]{subsection.18.5.5}{\376\377\0002\000-\000S\000t\000e\000p\000\040\000F\000l\000a\000s\000h}{section.18.5}% 190
\BOOKMARK [2][-]{subsection.18.5.6}{\376\377\000P\000i\000p\000e\000l\000i\000n\000e\000\040\000C\000o\000n\000v\000e\000r\000t\000e\000r}{section.18.5}% 191
\BOOKMARK [1][-]{section.18.6}{\376\377\000A\000d\000d\000i\000t\000i\000o\000n\000a\000l\000\040\000N\000o\000t\000e\000s}{chapter.18}% 192
\BOOKMARK [0][-]{appendix.A}{\376\377\000E\000x\000a\000m\000\040\000Q\000u\000e\000s\000t\000i\000o\000n\000s}{part.3}% 193
